2026-05-08 15:22:04,367 [DEBUG] bookinz.scraper.booking_scraper: Warming up browser session via homepage: https://www.booking.com/
2026-05-08 15:22:07,654 [DEBUG] bookinz.scraper.booking_scraper: Homepage warm-up OK — cookies=['bkng', 'bkng_sso_auth', 'pcm_consent']
2026-05-08 15:22:09,155 [INFO] bookinz.scraper.booking_scraper: Scraping page 1/10 for 'Ponta Delgada, Portugal' (offset=0)
2026-05-08 15:22:09,155 [DEBUG] bookinz.scraper.booking_scraper: Navigating to https://www.booking.com/searchresults.html?ss=Ponta+Delgada%2C+Portugal&checkin_year=2026&checkin_month=8&checkin_monthday=16&checkout_year=2026&checkout_month=8&checkout_monthday=22&group_adults=9&no_rooms=1&offset=0&lang=en-gb
2026-05-08 15:22:14,414 [DEBUG] bookinz.scraper.booking_scraper: Response: status=200, url=https://www.booking.com/searchresults.html?ss=Ponta+Delgada%2C+Portugal&checkin_year=2026&checkin_month=8&checkin_monthday=16&checkout_year=2026&checkout_month=8&checkout_monthday=22&group_adults=9&no_rooms=1&offset=0&lang=en-gb, size=1980666 bytes
2026-05-08 15:22:14,731 [INFO] bookinz.scraper.booking_scraper: Page 1: collected 25 records so far.
2026-05-08 15:22:16,233 [INFO] bookinz.scraper.booking_scraper: Scraping page 2/10 for 'Ponta Delgada, Portugal' (offset=25)
2026-05-08 15:22:16,233 [DEBUG] bookinz.scraper.booking_scraper: Navigating to https://www.booking.com/searchresults.html?ss=Ponta+Delgada%2C+Portugal&checkin_year=2026&checkin_month=8&checkin_monthday=16&checkout_year=2026&checkout_month=8&checkout_monthday=22&group_adults=9&no_rooms=1&offset=25&lang=en-gb
2026-05-08 15:22:20,980 [DEBUG] bookinz.scraper.booking_scraper: Response: status=200, url=https://www.booking.com/searchresults.html?ss=Ponta+Delgada%2C+Portugal&checkin_year=2026&checkin_month=8&checkin_monthday=16&checkout_year=2026&checkout_month=8&checkout_monthday=22&group_adults=9&no_rooms=1&offset=25&lang=en-gb, size=1968701 bytes
2026-05-08 15:22:21,256 [INFO] bookinz.scraper.booking_scraper: Page 2: collected 50 records so far.
2026-05-08 15:22:22,756 [INFO] bookinz.scraper.booking_scraper: Scraping page 3/10 for 'Ponta Delgada, Portugal' (offset=50)
2026-05-08 15:22:22,756 [DEBUG] bookinz.scraper.booking_scraper: Navigating to https://www.booking.com/searchresults.html?ss=Ponta+Delgada%2C+Portugal&checkin_year=2026&checkin_month=8&checkin_monthday=16&checkout_year=2026&checkout_month=8&checkout_monthday=22&group_adults=9&no_rooms=1&offset=50&lang=en-gb
2026-05-08 15:22:26,950 [DEBUG] bookinz.scraper.booking_scraper: Response: status=200, url=https://www.booking.com/searchresults.html?ss=Ponta+Delgada%2C+Portugal&checkin_year=2026&checkin_month=8&checkin_monthday=16&checkout_year=2026&checkout_month=8&checkout_monthday=22&group_adults=9&no_rooms=1&offset=50&lang=en-gb, size=1968705 bytes
2026-05-08 15:22:27,191 [INFO] bookinz.scraper.booking_scraper: Page 3: collected 75 records so far.
2026-05-08 15:22:28,692 [INFO] bookinz.scraper.booking_scraper: Scraping page 4/10 for 'Ponta Delgada, Portugal' (offset=75)
2026-05-08 15:22:28,692 [DEBUG] bookinz.scraper.booking_scraper: Navigating to https://www.booking.com/searchresults.html?ss=Ponta+Delgada%2C+Portugal&checkin_year=2026&checkin_month=8&checkin_monthday=16&checkout_year=2026&checkout_month=8&checkout_monthday=22&group_adults=9&no_rooms=1&offset=75&lang=en-gb
2026-05-08 15:22:32,976 [DEBUG] bookinz.scraper.booking_scraper: Response: status=200, url=https://www.booking.com/searchresults.html?ss=Ponta+Delgada%2C+Portugal&checkin_year=2026&checkin_month=8&checkin_monthday=16&checkout_year=2026&checkout_month=8&checkout_monthday=22&group_adults=9&no_rooms=1&offset=75&lang=en-gb, size=1968621 bytes
2026-05-08 15:22:33,275 [INFO] bookinz.scraper.booking_scraper: Page 4: collected 100 records so far.
2026-05-08 15:22:34,776 [INFO] bookinz.scraper.booking_scraper: Scraping page 5/10 for 'Ponta Delgada, Portugal' (offset=100)
2026-05-08 15:22:34,776 [DEBUG] bookinz.scraper.booking_scraper: Navigating to https://www.booking.com/searchresults.html?ss=Ponta+Delgada%2C+Portugal&checkin_year=2026&checkin_month=8&checkin_monthday=16&checkout_year=2026&checkout_month=8&checkout_monthday=22&group_adults=9&no_rooms=1&offset=100&lang=en-gb
2026-05-08 15:22:39,099 [DEBUG] bookinz.scraper.booking_scraper: Response: status=200, url=https://www.booking.com/searchresults.html?ss=Ponta+Delgada%2C+Portugal&checkin_year=2026&checkin_month=8&checkin_monthday=16&checkout_year=2026&checkout_month=8&checkout_monthday=22&group_adults=9&no_rooms=1&offset=100&lang=en-gb, size=1968652 bytes
2026-05-08 15:22:39,388 [INFO] bookinz.scraper.booking_scraper: Page 5: collected 125 records so far.
2026-05-08 15:22:40,889 [INFO] bookinz.scraper.booking_scraper: Scraping page 6/10 for 'Ponta Delgada, Portugal' (offset=125)
2026-05-08 15:22:40,889 [DEBUG] bookinz.scraper.booking_scraper: Navigating to https://www.booking.com/searchresults.html?ss=Ponta+Delgada%2C+Portugal&checkin_year=2026&checkin_month=8&checkin_monthday=16&checkout_year=2026&checkout_month=8&checkout_monthday=22&group_adults=9&no_rooms=1&offset=125&lang=en-gb
2026-05-08 15:22:45,584 [DEBUG] bookinz.scraper.booking_scraper: Response: status=200, url=https://www.booking.com/searchresults.html?ss=Ponta+Delgada%2C+Portugal&checkin_year=2026&checkin_month=8&checkin_monthday=16&checkout_year=2026&checkout_month=8&checkout_monthday=22&group_adults=9&no_rooms=1&offset=125&lang=en-gb, size=1968725 bytes
2026-05-08 15:22:45,848 [INFO] bookinz.scraper.booking_scraper: Page 6: collected 150 records so far.
2026-05-08 15:22:47,349 [INFO] bookinz.scraper.booking_scraper: Scraping page 7/10 for 'Ponta Delgada, Portugal' (offset=150)
2026-05-08 15:22:47,350 [DEBUG] bookinz.scraper.booking_scraper: Navigating to https://www.booking.com/searchresults.html?ss=Ponta+Delgada%2C+Portugal&checkin_year=2026&checkin_month=8&checkin_monthday=16&checkout_year=2026&checkout_month=8&checkout_monthday=22&group_adults=9&no_rooms=1&offset=150&lang=en-gb
2026-05-08 15:22:52,214 [DEBUG] bookinz.scraper.booking_scraper: Response: status=200, url=https://www.booking.com/searchresults.html?ss=Ponta+Delgada%2C+Portugal&checkin_year=2026&checkin_month=8&checkin_monthday=16&checkout_year=2026&checkout_month=8&checkout_monthday=22&group_adults=9&no_rooms=1&offset=150&lang=en-gb, size=1971281 bytes
2026-05-08 15:22:52,515 [INFO] bookinz.scraper.booking_scraper: Page 7: collected 175 records so far.
2026-05-08 15:22:54,016 [INFO] bookinz.scraper.booking_scraper: Scraping page 8/10 for 'Ponta Delgada, Portugal' (offset=175)
2026-05-08 15:22:54,016 [DEBUG] bookinz.scraper.booking_scraper: Navigating to https://www.booking.com/searchresults.html?ss=Ponta+Delgada%2C+Portugal&checkin_year=2026&checkin_month=8&checkin_monthday=16&checkout_year=2026&checkout_month=8&checkout_monthday=22&group_adults=9&no_rooms=1&offset=175&lang=en-gb
2026-05-08 15:22:58,286 [DEBUG] bookinz.scraper.booking_scraper: Response: status=200, url=https://www.booking.com/searchresults.html?ss=Ponta+Delgada%2C+Portugal&checkin_year=2026&checkin_month=8&checkin_monthday=16&checkout_year=2026&checkout_month=8&checkout_monthday=22&group_adults=9&no_rooms=1&offset=175&lang=en-gb, size=1968649 bytes
2026-05-08 15:22:58,538 [INFO] bookinz.scraper.booking_scraper: Page 8: collected 200 records so far.
2026-05-08 15:23:00,039 [INFO] bookinz.scraper.booking_scraper: Scraping page 9/10 for 'Ponta Delgada, Portugal' (offset=200)
2026-05-08 15:23:00,039 [DEBUG] bookinz.scraper.booking_scraper: Navigating to https://www.booking.com/searchresults.html?ss=Ponta+Delgada%2C+Portugal&checkin_year=2026&checkin_month=8&checkin_monthday=16&checkout_year=2026&checkout_month=8&checkout_monthday=22&group_adults=9&no_rooms=1&offset=200&lang=en-gb
2026-05-08 15:23:05,255 [DEBUG] bookinz.scraper.booking_scraper: Response: status=200, url=https://www.booking.com/searchresults.html?ss=Ponta+Delgada%2C+Portugal&checkin_year=2026&checkin_month=8&checkin_monthday=16&checkout_year=2026&checkout_month=8&checkout_monthday=22&group_adults=9&no_rooms=1&offset=200&lang=en-gb, size=1968652 bytes
2026-05-08 15:23:05,505 [INFO] bookinz.scraper.booking_scraper: Page 9: collected 225 records so far.
2026-05-08 15:23:07,007 [INFO] bookinz.scraper.booking_scraper: Scraping page 10/10 for 'Ponta Delgada, Portugal' (offset=225)
2026-05-08 15:23:07,007 [DEBUG] bookinz.scraper.booking_scraper: Navigating to https://www.booking.com/searchresults.html?ss=Ponta+Delgada%2C+Portugal&checkin_year=2026&checkin_month=8&checkin_monthday=16&checkout_year=2026&checkout_month=8&checkout_monthday=22&group_adults=9&no_rooms=1&offset=225&lang=en-gb
2026-05-08 15:23:11,330 [DEBUG] bookinz.scraper.booking_scraper: Response: status=200, url=https://www.booking.com/searchresults.html?ss=Ponta+Delgada%2C+Portugal&checkin_year=2026&checkin_month=8&checkin_monthday=16&checkout_year=2026&checkout_month=8&checkout_monthday=22&group_adults=9&no_rooms=1&offset=225&lang=en-gb, size=1968651 bytes
2026-05-08 15:23:11,636 [INFO] bookinz.scraper.booking_scraper: Page 10: collected 250 records so far.
